app/build/outputs/logs/manifest-merger-debug-report.txt
-- Merging decision tree log ---
manifest
ADDED from src/main/AndroidManifest.xml:2:1-51:12
	package
		ADDED from src/main/AndroidManifest.xml:3:5-46
		INJECTED from src/main/AndroidManifest.xml
		INJECTED from src/main/AndroidManifest.xml
	android:versionName
		INJECTED from src/main/AndroidManifest.xml
		INJECTED from src/main/AndroidManifest.xml
	xmlns:android
		ADDED from src/main/AndroidManifest.xml:2:11-69
	android:versionCode
		INJECTED from src/main/AndroidManifest.xml
		INJECTED from src/main/AndroidManifest.xml
uses-permission#android.permission.READ_PHONE_STATE
ADDED from src/main/AndroidManifest.xml:4:5-74
	android:name
		ADDED from src/main/AndroidManifest.xml:4:22-72
uses-permission#android.permission.INTERNET
ADDED from src/main/AndroidManifest.xml:5:5-67
MERGED from [com.digits.sdk.android:digits:2.0.6] AndroidManifest.xml:65:5-67
MERGED from [com.twitter.sdk.android:twitter-core:2.3.0] AndroidManifest.xml:25:5-67
MERGED from [io.fabric.sdk.android:fabric:1.3.16] AndroidManifest.xml:29:5-67
	android:name
		ADDED from src/main/AndroidManifest.xml:5:22-64
uses-permission#android.permission.RECEIVE_SMS
ADDED from src/main/AndroidManifest.xml:6:5-69
	android:name
		ADDED from src/main/AndroidManifest.xml:6:22-67
application
ADDED from src/main/AndroidManifest.xml:7:5-49:19
MERGED from [com.digits.sdk.android:digits:2.0.6] AndroidManifest.xml:67:5-166:19
MERGED from [com.twitter.sdk.android:twitter-core:2.3.0] AndroidManifest.xml:27:5-40:19
MERGED from [io.fabric.sdk.android:fabric:1.3.16] AndroidManifest.xml:31:5-20
MERGED from [com.crashlytics.sdk.android:answers-shim:0.0.4] AndroidManifest.xml:11:5-20
MERGED from [com.android.support:cardview-v7:25.3.0] AndroidManifest.xml:26:5-20
MERGED from [com.android.support:design:25.3.0] AndroidManifest.xml:29:5-20
MERGED from [com.android.support:appcompat-v7:25.3.0] AndroidManifest.xml:29:5-20
MERGED from [com.android.support:animated-vector-drawable:25.3.0] AndroidManifest.xml:26:5-20
MERGED from [com.android.support:support-vector-drawable:25.3.0] AndroidManifest.xml:26:5-20
MERGED from [com.android.support:transition:25.3.0] AndroidManifest.xml:26:5-20
MERGED from [com.android.support:support-v4:25.3.0] AndroidManifest.xml:29:5-20
MERGED from [com.android.support:support-fragment:25.3.0] AndroidManifest.xml:29:5-20
MERGED from [com.android.support:support-media-compat:25.3.0] AndroidManifest.xml:29:5-20
MERGED from [com.android.support:support-core-utils:25.3.0] AndroidManifest.xml:29:5-20
MERGED from [com.android.support:support-core-ui:25.3.0] AndroidManifest.xml:29:5-20
MERGED from [com.android.support:support-compat:25.3.0] AndroidManifest.xml:29:5-20
MERGED from [com.android.support.constraint:constraint-layout:1.0.2] AndroidManifest.xml:9:5-20
	android:label
		ADDED from src/main/AndroidManifest.xml:10:9-33
	android:supportsRtl
		ADDED from src/main/AndroidManifest.xml:12:9-35
	android:roundIcon
		ADDED from src/main/AndroidManifest.xml:11:9-54
	android:allowBackup
		ADDED from src/main/AndroidManifest.xml:8:9-35
	android:icon
		ADDED from src/main/AndroidManifest.xml:9:9-39
	android:theme
		ADDED from src/main/AndroidManifest.xml:13:9-40
activity#hitha.ken.deva.abin.smartbudget.MainActivity
ADDED from src/main/AndroidManifest.xml:14:9-20:20
	android:name
		ADDED from src/main/AndroidManifest.xml:14:19-47
intent-filter#android.intent.action.MAIN+android.intent.category.LAUNCHER
ADDED from src/main/AndroidManifest.xml:15:13-19:29
action#android.intent.action.MAIN
ADDED from src/main/AndroidManifest.xml:16:17-69
	android:name
		ADDED from src/main/AndroidManifest.xml:16:25-66
fla
ADDED from src/main/AndroidManifest.xml:17:17-55
	android:name
		ADDED from src/main/AndroidManifest.xml:17:22-52
category#android.intent.category.LAUNCHER
ADDED from src/main/AndroidManifest.xml:18:17-77
	android:name
		ADDED from src/main/AndroidManifest.xml:18:27-74
activity#hitha.ken.deva.abin.smartbudget.addexpense
ADDED from src/main/AndroidManifest.xml:21:9-29:20
	android:parentActivityName
		ADDED from src/main/AndroidManifest.xml:23:13-55
	android:name
		ADDED from src/main/AndroidManifest.xml:22:13-39
intent-filter#android.intent.action.MAIN+android.intent.category.DEFAULT
ADDED from src/main/AndroidManifest.xml:24:13-28:29
category#android.intent.category.DEFAULT
ADDED from src/main/AndroidManifest.xml:27:17-76
	android:name
		ADDED from src/main/AndroidManifest.xml:27:27-73
activity#hitha.ken.deva.abin.smartbudget.list
ADDED from src/main/AndroidManifest.xml:30:9-33:75
	android:label
		ADDED from src/main/AndroidManifest.xml:32:13-36
	android:theme
		ADDED from src/main/AndroidManifest.xml:33:13-72
	android:name
		ADDED from src/main/AndroidManifest.xml:31:13-33
activity#hitha.ken.deva.abin.smartbudget.paybill
ADDED from src/main/AndroidManifest.xml:34:9-45
	android:name
		ADDED from src/main/AndroidManifest.xml:34:19-42
activity#hitha.ken.deva.abin.smartbudget.pay
ADDED from src/main/AndroidManifest.xml:35:9-38:10
	android:banner
		ADDED from src/main/AndroidManifest.xml:37:13-45
	android:name
		ADDED from src/main/AndroidManifest.xml:36:13-32
meta-data#io.fabric.ApiKey
ADDED from src/main/AndroidManifest.xml:40:9-42:72
	android:value
		ADDED from src/main/AndroidManifest.xml:42:13-69
	android:name
		ADDED from src/main/AndroidManifest.xml:41:13-44
activity#hitha.ken.deva.abin.smartbudget.login
ADDED from src/main/AndroidManifest.xml:44:9-48:36
	android:noHistory
		ADDED from src/main/AndroidManifest.xml:44:41-65
	android:name
		ADDED from src/main/AndroidManifest.xml:44:19-40
uses-sdk
INJECTED from src/main/AndroidManifest.xml reason: use-sdk injection requested
MERGED from [com.digits.sdk.android:digits:2.0.6] AndroidManifest.xml:61:5-63:54
MERGED from [com.twitter.sdk.android:twitter-core:2.3.0] AndroidManifest.xml:23:5-44
MERGED from [io.fabric.sdk.android:fabric:1.3.16] AndroidManifest.xml:27:5-43
MERGED from [com.crashlytics.sdk.android:answers-shim:0.0.4] AndroidManifest.xml:7:5-9:41
MERGED from [com.android.support:cardview-v7:25.3.0] AndroidManifest.xml:20:5-43
MERGED from [com.android.support:design:25.3.0] AndroidManifest.xml:21:5-23:62
MERGED from [com.android.support:appcompat-v7:25.3.0] AndroidManifest.xml:21:5-23:78
MERGED from [com.android.support:animated-vector-drawable:25.3.0] AndroidManifest.xml:20:5-44
MERGED from [com.android.support:support-vector-drawable:25.3.0] AndroidManifest.xml:20:5-43
MERGED from [com.android.support:transition:25.3.0] AndroidManifest.xml:20:5-44
MERGED from [com.android.support:support-v4:25.3.0] AndroidManifest.xml:21:5-23:54
MERGED from [com.android.support:support-fragment:25.3.0] AndroidManifest.xml:21:5-23:60
MERGED from [com.android.support:support-media-compat:25.3.0] AndroidManifest.xml:21:5-23:63
MERGED from [com.android.support:support-core-utils:25.3.0] AndroidManifest.xml:21:5-23:61
MERGED from [com.android.support:recyclerview-v7:25.3.0] AndroidManifest.xml:20:5-43
MERGED from [com.android.support:support-core-ui:25.3.0] AndroidManifest.xml:21:5-23:58
MERGED from [com.android.support:support-compat:25.3.0] AndroidManifest.xml:21:5-23:58
MERGED from [com.android.support.constraint:constraint-layout:1.0.2] AndroidManifest.xml:5:5-7:41
	tools:overrideLibrary
		ADDED from [com.digits.sdk.android:digits:2.0.6] AndroidManifest.xml:63:9-51
	android:targetSdkVersion
		INJECTED from src/main/AndroidManifest.xml
		INJECTED from src/main/AndroidManifest.xml
	android:minSdkVersion
		INJECTED from src/main/AndroidManifest.xml
		INJECTED from src/main/AndroidManifest.xml
activity#com.digits.sdk.android.PhoneNumberActivity
ADDED from [com.digits.sdk.android:digits:2.0.6] AndroidManifest.xml:68:9-73:58
	android:exported
		ADDED from [com.digits.sdk.android:digits:2.0.6] AndroidManifest.xml:71:13-37
	android:windowSoftInputMode
		ADDED from [com.digits.sdk.android:digits:2.0.6] AndroidManifest.xml:73:13-55
	android:configChanges
		ADDED from [com.digits.sdk.android:digits:2.0.6] AndroidManifest.xml:70:13-59
	android:taskAffinity
		ADDED from [com.digits.sdk.android:digits:2.0.6] AndroidManifest.xml:72:13-58
	android:name
		ADDED from [com.digits.sdk.android:digits:2.0.6] AndroidManifest.xml:69:13-70
activity#com.digits.sdk.android.ConfirmationCodeActivity
ADDED from [com.digits.sdk.android:digits:2.0.6] AndroidManifest.xml:74:9-79:58
	android:exported
		ADDED from [com.digits.sdk.android:digits:2.0.6] AndroidManifest.xml:77:13-37
	android:windowSoftInputMode
		ADDED from [com.digits.sdk.android:digits:2.0.6] AndroidManifest.xml:79:13-55
	android:configChanges
		ADDED from [com.digits.sdk.android:digits:2.0.6] AndroidManifest.xml:76:13-59
	android:taskAffinity
		ADDED from [com.digits.sdk.android:digits:2.0.6] AndroidManifest.xml:78:13-58
	android:name
		ADDED from [com.digits.sdk.android:digits:2.0.6] AndroidManifest.xml:75:13-75
activity#com.digits.sdk.android.LoginCodeActivity
ADDED from [com.digits.sdk.android:digits:2.0.6] AndroidManifest.xml:80:9-85:58
	android:exported
		ADDED from [com.digits.sdk.android:digits:2.0.6] AndroidManifest.xml:83:13-37
	android:windowSoftInputMode
		ADDED from [com.digits.sdk.android:digits:2.0.6] AndroidManifest.xml:85:13-55
	android:configChanges
		ADDED from [com.digits.sdk.android:digits:2.0.6] AndroidManifest.xml:82:13-59
	android:taskAffinity
		ADDED from [com.digits.sdk.android:digits:2.0.6] AndroidManifest.xml:84:13-58
	android:name
		ADDED from [com.digits.sdk.android:digits:2.0.6] AndroidManifest.xml:81:13-68
activity#com.digits.sdk.android.PinCodeActivity
ADDED from [com.digits.sdk.android:digits:2.0.6] AndroidManifest.xml:86:9-91:58
	android:exported
		ADDED from [com.digits.sdk.android:digits:2.0.6] AndroidManifest.xml:89:13-37
	android:windowSoftInputMode
		ADDED from [com.digits.sdk.android:digits:2.0.6] AndroidManifest.xml:91:13-55
	android:configChanges
		ADDED from [com.digits.sdk.android:digits:2.0.6] AndroidManifest.xml:88:13-59
	android:taskAffinity
		ADDED from [com.digits.sdk.android:digits:2.0.6] AndroidManifest.xml:90:13-58
	android:name
		ADDED from [com.digits.sdk.android:digits:2.0.6] AndroidManifest.xml:87:13-66
activity#com.digits.sdk.android.FailureActivity
ADDED from [com.digits.sdk.android:digits:2.0.6] AndroidManifest.xml:92:9-96:61
	android:exported
		ADDED from [com.digits.sdk.android:digits:2.0.6] AndroidManifest.xml:95:13-37
	android:configChanges
		ADDED from [com.digits.sdk.android:digits:2.0.6] AndroidManifest.xml:94:13-59
	android:taskAffinity
		ADDED from [com.digits.sdk.android:digits:2.0.6] AndroidManifest.xml:96:13-58
	android:name
		ADDED from [com.digits.sdk.android:digits:2.0.6] AndroidManifest.xml:93:13-66
activity#com.digits.sdk.android.ContactsActivity
ADDED from [com.digits.sdk.android:digits:2.0.6] AndroidManifest.xml:97:9-100:40
	android:exported
		ADDED from [com.digits.sdk.android:digits:2.0.6] AndroidManifest.xml:100:13-37
	android:configChanges
		ADDED from [com.digits.sdk.android:digits:2.0.6] AndroidManifest.xml:99:13-59
	android:name
		ADDED from [com.digits.sdk.android:digits:2.0.6] AndroidManifest.xml:98:13-67
activity#com.digits.sdk.android.EmailRequestActivity
ADDED from [com.digits.sdk.android:digits:2.0.6] AndroidManifest.xml:101:9-106:58
	android:exported
		ADDED from [com.digits.sdk.android:digits:2.0.6] AndroidManifest.xml:104:13-37
	android:windowSoftInputMode
		ADDED from [com.digits.sdk.android:digits:2.0.6] AndroidManifest.xml:106:13-55
	android:configChanges
		ADDED from [com.digits.sdk.android:digits:2.0.6] AndroidManifest.xml:103:13-59
	android:taskAffinity
		ADDED from [com.digits.sdk.android:digits:2.0.6] AndroidManifest.xml:105:13-58
	android:name
		ADDED from [com.digits.sdk.android:digits:2.0.6] AndroidManifest.xml:102:13-71
activity#com.digits.sdk.android.PhoneNumberActionBarActivity
ADDED from [com.digits.sdk.android:digits:2.0.6] AndroidManifest.xml:107:9-112:58
	android:exported
		ADDED from [com.digits.sdk.android:digits:2.0.6] AndroidManifest.xml:110:13-37
	android:windowSoftInputMode
		ADDED from [com.digits.sdk.android:digits:2.0.6] AndroidManifest.xml:112:13-55
	android:configChanges
		ADDED from [com.digits.sdk.android:digits:2.0.6] AndroidManifest.xml:109:13-59
	android:taskAffinity
		ADDED from [com.digits.sdk.android:digits:2.0.6] AndroidManifest.xml:111:13-58
	android:name
		ADDED from [com.digits.sdk.android:digits:2.0.6] AndroidManifest.xml:108:13-79
activity#com.digits.sdk.android.ConfirmationCodeActionBarActivity
ADDED from [com.digits.sdk.android:digits:2.0.6] AndroidManifest.xml:113:9-118:58
	android:exported
		ADDED from [com.digits.sdk.android:digits:2.0.6] AndroidManifest.xml:116:13-37
	android:windowSoftInputMode
		ADDED from [com.digits.sdk.android:digits:2.0.6] AndroidManifest.xml:118:13-55
	android:configChanges
		ADDED from [com.digits.sdk.android:digits:2.0.6] AndroidManifest.xml:115:13-59
	android:taskAffinity
		ADDED from [com.digits.sdk.android:digits:2.0.6] AndroidManifest.xml:117:13-58
	android:name
		ADDED from [com.digits.sdk.android:digits:2.0.6] AndroidManifest.xml:114:13-84
activity#com.digits.sdk.android.LoginCodeActionBarActivity
ADDED from [com.digits.sdk.android:digits:2.0.6] AndroidManifest.xml:119:9-124:58
	android:exported
		ADDED from [com.digits.sdk.android:digits:2.0.6] AndroidManifest.xml:122:13-37
	android:windowSoftInputMode
		ADDED from [com.digits.sdk.android:digits:2.0.6] AndroidManifest.xml:124:13-55
	android:configChanges
		ADDED from [com.digits.sdk.android:digits:2.0.6] AndroidManifest.xml:121:13-59
	android:taskAffinity
		ADDED from [com.digits.sdk.android:digits:2.0.6] AndroidManifest.xml:123:13-58
	android:name
		ADDED from [com.digits.sdk.android:digits:2.0.6] AndroidManifest.xml:120:13-77
activity#com.digits.sdk.android.FailureActionBarActivity
ADDED from [com.digits.sdk.android:digits:2.0.6] AndroidManifest.xml:125:9-129:61
	android:exported
		ADDED from [com.digits.sdk.android:digits:2.0.6] AndroidManifest.xml:128:13-37
	android:configChanges
		ADDED from [com.digits.sdk.android:digits:2.0.6] AndroidManifest.xml:127:13-59
	android:taskAffinity
		ADDED from [com.digits.sdk.android:digits:2.0.6] AndroidManifest.xml:129:13-58
	android:name
		ADDED from [com.digits.sdk.android:digits:2.0.6] AndroidManifest.xml:126:13-75
activity#com.digits.sdk.android.ContactsActionBarActivity
ADDED from [com.digits.sdk.android:digits:2.0.6] AndroidManifest.xml:130:9-133:40
	android:exported
		ADDED from [com.digits.sdk.android:digits:2.0.6] AndroidManifest.xml:133:13-37
	android:configChanges
		ADDED from [com.digits.sdk.android:digits:2.0.6] AndroidManifest.xml:132:13-59
	android:name
		ADDED from [com.digits.sdk.android:digits:2.0.6] AndroidManifest.xml:131:13-76
activity#com.digits.sdk.android.InviteActionBarActivity
ADDED from [com.digits.sdk.android:digits:2.0.6] AndroidManifest.xml:134:9-137:40
	android:exported
		ADDED from [com.digits.sdk.android:digits:2.0.6] AndroidManifest.xml:137:13-37
	android:configChanges
		ADDED from [com.digits.sdk.android:digits:2.0.6] AndroidManifest.xml:136:13-59
	android:name
		ADDED from [com.digits.sdk.android:digits:2.0.6] AndroidManifest.xml:135:13-74
activity#com.digits.sdk.android.PinCodeActionBarActivity
ADDED from [com.digits.sdk.android:digits:2.0.6] AndroidManifest.xml:138:9-143:58
	android:exported
		ADDED from [com.digits.sdk.android:digits:2.0.6] AndroidManifest.xml:141:13-37
	android:windowSoftInputMode
		ADDED from [com.digits.sdk.android:digits:2.0.6] AndroidManifest.xml:143:13-55
	android:configChanges
		ADDED from [com.digits.sdk.android:digits:2.0.6] AndroidManifest.xml:140:13-59
	android:taskAffinity
		ADDED from [com.digits.sdk.android:digits:2.0.6] AndroidManifest.xml:142:13-58
	android:name
		ADDED from [com.digits.sdk.android:digits:2.0.6] AndroidManifest.xml:139:13-75
activity#com.digits.sdk.android.EmailRequestActionBarActivity
ADDED from [com.digits.sdk.android:digits:2.0.6] AndroidManifest.xml:144:9-149:58
	android:exported
		ADDED from [com.digits.sdk.android:digits:2.0.6] AndroidManifest.xml:147:13-37
	android:windowSoftInputMode
		ADDED from [com.digits.sdk.android:digits:2.0.6] AndroidManifest.xml:149:13-55
	android:configChanges
		ADDED from [com.digits.sdk.android:digits:2.0.6] AndroidManifest.xml:146:13-59
	android:taskAffinity
		ADDED from [com.digits.sdk.android:digits:2.0.6] AndroidManifest.xml:148:13-58
	android:name
		ADDED from [com.digits.sdk.android:digits:2.0.6] AndroidManifest.xml:145:13-80
activity#com.digits.sdk.android.InviteActivity
ADDED from [com.digits.sdk.android:digits:2.0.6] AndroidManifest.xml:150:9-156:20
	android:exported
		ADDED from [com.digits.sdk.android:digits:2.0.6] AndroidManifest.xml:153:13-37
	android:windowSoftInputMode
		ADDED from [com.digits.sdk.android:digits:2.0.6] AndroidManifest.xml:155:13-54
	android:configChanges
		ADDED from [com.digits.sdk.android:digits:2.0.6] AndroidManifest.xml:152:13-59
	android:taskAffinity
		ADDED from [com.digits.sdk.android:digits:2.0.6] AndroidManifest.xml:154:13-58
	android:name
		ADDED from [com.digits.sdk.android:digits:2.0.6] AndroidManifest.xml:151:13-65
service#com.digits.sdk.android.ContactsUploadService
ADDED from [com.digits.sdk.android:digits:2.0.6] AndroidManifest.xml:158:9-161:40
	android:enabled
		ADDED from [com.digits.sdk.android:digits:2.0.6] AndroidManifest.xml:160:13-35
	android:exported
		ADDED from [com.digits.sdk.android:digits:2.0.6] AndroidManifest.xml:161:13-37
	android:name
		ADDED from [com.digits.sdk.android:digits:2.0.6] AndroidManifest.xml:159:13-72
service#com.digits.sdk.android.AttributableInviteDownloadService
ADDED from [com.digits.sdk.android:digits:2.0.6] AndroidManifest.xml:162:9-165:40
	android:enabled
		ADDED from [com.digits.sdk.android:digits:2.0.6] AndroidManifest.xml:164:13-35
	android:exported
		ADDED from [com.digits.sdk.android:digits:2.0.6] AndroidManifest.xml:165:13-37
	android:name
		ADDED from [com.digits.sdk.android:digits:2.0.6] AndroidManifest.xml:163:13-84
activity#com.twitter.sdk.android.core.identity.OAuthActivity
ADDED from [com.twitter.sdk.android:twitter-core:2.3.0] AndroidManifest.xml:28:9-32:40
	android:excludeFromRecents
		ADDED from [com.twitter.sdk.android:twitter-core:2.3.0] AndroidManifest.xml:31:13-46
	android:exported
		ADDED from [com.twitter.sdk.android:twitter-core:2.3.0] AndroidManifest.xml:32:13-37
	android:configChanges
		ADDED from [com.twitter.sdk.android:twitter-core:2.3.0] AndroidManifest.xml:30:13-59
	android:name
		ADDED from [com.twitter.sdk.android:twitter-core:2.3.0] AndroidManifest.xml:29:13-79
activity#com.twitter.sdk.android.core.identity.ShareEmailActivity
ADDED from [com.twitter.sdk.android:twitter-core:2.3.0] AndroidManifest.xml:33:9-39:48
	android:label
		ADDED from [com.twitter.sdk.android:twitter-core:2.3.0] AndroidManifest.xml:39:13-45
	android:excludeFromRecents
		ADDED from [com.twitter.sdk.android:twitter-core:2.3.0] AndroidManifest.xml:36:13-46
	android:exported
		ADDED from [com.twitter.sdk.android:twitter-core:2.3.0] AndroidManifest.xml:37:13-37
	android:configChanges
		ADDED from [com.twitter.sdk.android:twitter-core:2.3.0] AndroidManifest.xml:35:13-59
	android:icon
		ADDED from [com.twitter.sdk.android:twitter-core:2.3.0] AndroidManifest.xml:38:13-53
	android:name
		ADDED from [com.twitter.sdk.android:twitter-core:2.3.0] AndroidManifest.xml:34:13-84
meta-data#android.support.VERSION
ADDED from [com.android.support:cardview-v7:25.3.0] AndroidManifest.xml:22:5-24:34
MERGED from [com.android.support:design:25.3.0] AndroidManifest.xml:25:5-27:34
MERGED from [com.android.support:appcompat-v7:25.3.0] AndroidManifest.xml:25:5-27:34
MERGED from [com.android.support:animated-vector-drawable:25.3.0] AndroidManifest.xml:22:5-24:34
MERGED from [com.android.support:support-vector-drawable:25.3.0] AndroidManifest.xml:22:5-24:34
MERGED from [com.android.support:transition:25.3.0] AndroidManifest.xml:22:5-24:34
MERGED from [com.android.support:support-v4:25.3.0] AndroidManifest.xml:25:5-27:34
MERGED from [com.android.support:support-fragment:25.3.0] AndroidManifest.xml:25:5-27:34
MERGED from [com.android.support:support-media-compat:25.3.0] AndroidManifest.xml:25:5-27:34
MERGED from [com.android.support:support-core-utils:25.3.0] AndroidManifest.xml:25:5-27:34
MERGED from [com.android.support:recyclerview-v7:25.3.0] AndroidManifest.xml:22:5-24:34
MERGED from [com.android.support:support-core-ui:25.3.0] AndroidManifest.xml:25:5-27:34
MERGED from [com.android.support:support-compat:25.3.0] AndroidManifest.xml:25:5-27:34
	android:value
		ADDED from [com.android.support:cardview-v7:25.3.0] AndroidManifest.xml:24:9-31
	android:name
		ADDED from [com.android.support:cardview-v7:25.3.0] AndroidManifest.xml:23:9-47